2023-09-02 14:49:12,910 [main] INFO c.n.m.MyLogback [MyLogback.java:11] - 덧셈 연산 수행 : 1 + 2
2023-09-02 14:49:12,913 [main] WARN c.n.m.MyLogback [MyLogback.java:17] - 덧셈 연산 실패.. 0으로 나눌 수 없음
2023-09-02 14:54:49,061 [main] INFO c.n.m.MyLogback [MyLogback.java:11] - 덧셈 연산 수행 : 1 + 2
2023-09-02 14:54:49,065 [main] WARN c.n.m.MyLogback [MyLogback.java:17] - 덧셈 연산 실패.. 0으로 나눌 수 없음
2023-09-02 14:57:33,894 [main] INFO c.n.m.MyLogback [MyLogback.java:11] - 덧셈 연산 수행 : 1 + 2
2023-09-02 14:57:33,896 [main] WARN c.n.m.MyLogback [MyLogback.java:17] - 덧셈 연산 실패.. 0으로 나눌 수 없음
2023-09-02 14:57:43,119 [main] INFO c.n.m.NhnMartShell [NhnMartShell.java:12] - NHN Mart에 오신것을 환영합니다.
2023-09-02 14:58:19,604 [main] INFO c.n.m.MyLogback [MyLogback.java:11] - 덧셈 연산 수행 : 1 + 2
2023-09-02 14:58:19,606 [main] WARN c.n.m.MyLogback [MyLogback.java:17] - 덧셈 연산 실패.. 0으로 나눌 수 없음
2023-09-02 14:59:57,360 [main] INFO c.n.m.MyLogback [MyLogback.java:11] - 덧셈 연산 수행 : 1 + 2
2023-09-02 14:59:57,364 [main] WARN c.n.m.MyLogback [MyLogback.java:17] - 덧셈 연산 실패.. 0으로 나눌 수 없음
2023-09-02 15:00:00,807 [main] INFO c.n.m.NhnMartShell [NhnMartShell.java:12] - NHN Mart에 오신것을 환영합니다.
2023-09-02 15:08:48,176 [main] INFO c.n.m.NhnMartShell [NhnMartShell.java:12] - NHN Mart에 오신것을 환영합니다.
2023-09-02 15:08:58,734 [main] INFO c.n.m.NhnMartShell [Customer.java:48] - 총 가격은 14000 입니다
2023-09-02 15:08:58,737 [main] INFO c.n.m.NhnMartShell [Customer.java:49] - 고객님 결제 후 잔액: 6000
2023-09-02 15:14:26,162 [main] INFO c.n.m.NhnMartShell [NhnMartShell.java:12] - NHN Mart에 오신것을 환영합니다.
2023-09-02 15:16:17,065 [main] INFO c.n.m.NhnMartShell [NhnMartShell.java:12] - NHN Mart에 오신것을 환영합니다.
2023-09-02 15:16:30,387 [main] INFO c.n.m.NhnMartShell [NhnMartShell.java:12] - NHN Mart에 오신것을 환영합니다.
2023-09-02 15:18:11,070 [main] INFO c.n.m.NhnMartShell [NhnMartShell.java:12] - NHN Mart에 오신것을 환영합니다.
2023-09-02 15:18:11,083 [main] INFO c.n.m.NhnMartShell [NhnMartShell.java:35] - > 
2023-09-02 15:18:29,956 [main] INFO c.n.m.NhnMartShell [Customer.java:48] - 총 가격은 8000 입니다
2023-09-02 15:18:29,958 [main] INFO c.n.m.NhnMartShell [Customer.java:49] - 고객님 결제 후 잔액: 12000
2023-09-02 15:21:00,690 [main] INFO c.n.m.NhnMartShell [NhnMartShell.java:12] - NHN Mart에 오신것을 환영합니다.
2023-09-02 15:21:00,700 [main] INFO c.n.m.NhnMartShell [NhnMartShell.java:35] - > 
2023-09-02 15:21:11,632 [main] INFO c.n.m.NhnMartShell [Customer.java:48] - 총 가격은 8000 입니다
2023-09-02 15:21:11,635 [main] INFO c.n.m.NhnMartShell [Customer.java:49] - 고객님 결제 후 잔액: 12000
2023-09-02 15:22:22,168 [main] INFO c.n.m.NhnMartShell [NhnMartShell.java:12] - NHN Mart에 오신것을 환영합니다.
2023-09-02 15:22:22,182 [main] INFO c.n.m.NhnMartShell [NhnMartShell.java:35] - > 
2023-09-02 15:22:50,712 [main] INFO c.n.m.NhnMartShell [NhnMartShell.java:12] - NHN Mart에 오신것을 환영합니다.
2023-09-02 15:22:58,013 [main] INFO c.n.m.NhnMartShell [Customer.java:48] - 총 가격은 6500 입니다
2023-09-02 15:22:58,016 [main] INFO c.n.m.NhnMartShell [Customer.java:49] - 고객님 결제 후 잔액: 13500
2023-09-02 15:29:58,530 [main] INFO c.n.m.NhnMartShell [NhnMartShell.java:12] - NHN Mart에 오신것을 환영합니다.
2023-09-02 15:30:05,377 [main] INFO c.n.m.NhnMartShell [Customer.java:48] - 총 가격은 8000 입니다
2023-09-02 15:30:05,378 [main] INFO c.n.m.NhnMartShell [Customer.java:49] - 고객님 결제 후 잔액: 12000
2023-09-02 15:30:10,252 [main] INFO c.n.m.NhnMartShell [NhnMartShell.java:12] - NHN Mart에 오신것을 환영합니다.
2023-09-02 15:30:14,916 [main] WARN c.n.m.NhnMartShell [NhnMartShell.java:46] - 0을 입력하셨습니다 물건의 개수를 확인해주세요!
2023-09-02 15:39:39,849 [main] INFO c.n.m.NhnMartShell [NhnMartShell.java:12] - NHN Mart에 오신것을 환영합니다.
2023-09-02 15:40:08,727 [main] INFO c.n.m.NhnMartShell [Customer.java:48] - 총 가격은 37000 입니다
2023-09-02 15:40:08,728 [main] WARN c.n.m.NhnMartShell [Customer.java:50] - 고객님이 보유 금액이 부족합니다.
2023-09-02 16:06:31,864 [main] INFO c.n.m.NhnMartShell [NhnMartShell.java:12] - NHN Mart에 오신것을 환영합니다.
2023-09-02 16:06:55,181 [main] INFO c.n.m.NhnMartShell [NhnMartShell.java:12] - NHN Mart에 오신것을 환영합니다.
2023-09-02 16:10:32,138 [main] INFO c.n.m.NhnMartShell [NhnMartShell.java:14] - NHN Mart에 오신것을 환영합니다.
2023-09-02 16:10:49,657 [main] INFO c.n.m.NhnMartShell [NhnMartShell.java:14] - NHN Mart에 오신것을 환영합니다.
2023-09-02 16:10:55,545 [main] INFO c.n.m.NhnMartShell [Customer.java:48] - 총 가격은 6500 입니다
2023-09-02 16:10:55,547 [main] INFO c.n.m.NhnMartShell [Customer.java:53] - 고객님 결제 후 잔액: 13500
2023-09-02 16:15:27,910 [main] INFO c.n.m.NhnMartShell [NhnMartShell.java:14] - NHN Mart에 오신것을 환영합니다.
2023-09-02 16:30:53,890 [main] INFO c.n.m.NhnMartShell [NhnMartShell.java:14] - NHN Mart에 오신것을 환영합니다.
2023-09-02 16:31:40,757 [main] INFO c.n.m.NhnMartShell [NhnMartShell.java:14] - NHN Mart에 오신것을 환영합니다.
2023-09-02 16:31:45,714 [main] INFO c.n.m.NhnMartShell [Customer.java:48] - 총 가격은 6500 입니다
2023-09-02 16:31:45,716 [main] INFO c.n.m.NhnMartShell [Customer.java:53] - 고객님 결제 후 잔액: 13500
2023-09-02 16:51:08,457 [main] INFO c.n.m.NhnMartShell [NhnMartShell.java:14] - NHN Mart에 오신것을 환영합니다.
2023-09-02 16:51:14,727 [main] INFO c.n.m.NhnMartShell [Customer.java:48] - 총 가격은 14000 입니다
2023-09-02 16:51:14,729 [main] INFO c.n.m.NhnMartShell [Customer.java:53] - 고객님 결제 후 잔액: 6000
2023-09-02 16:51:30,191 [main] INFO c.n.m.NhnMartShell [NhnMartShell.java:14] - NHN Mart에 오신것을 환영합니다.
2023-09-02 16:51:42,180 [main] INFO c.n.m.NhnMartShell [Customer.java:48] - 총 가격은 0 입니다
2023-09-02 16:51:42,182 [main] INFO c.n.m.NhnMartShell [Customer.java:53] - 고객님 결제 후 잔액: 20000
2023-09-02 16:54:45,829 [main] INFO c.n.m.NhnMartShell [NhnMartShell.java:13] - NHN Mart에 오신것을 환영합니다.
2023-09-02 16:55:14,707 [main] INFO c.n.m.NhnMartShell [NhnMartShell.java:14] - NHN Mart에 오신것을 환영합니다.
2023-09-02 17:04:26,920 [main] INFO c.n.m.NhnMartShell [NhnMartShell.java:14] - NHN Mart에 오신것을 환영합니다.
2023-09-02 17:05:17,805 [main] INFO c.n.m.NhnMartShell [NhnMartShell.java:13] - NHN Mart에 오신것을 환영합니다.
2023-09-02 17:05:30,030 [main] INFO c.n.m.NhnMartShell [Customer.java:48] - 총 가격은 6500 입니다
2023-09-02 17:05:30,032 [main] INFO c.n.m.NhnMartShell [Customer.java:53] - 고객님 결제 후 잔액: 13500
2023-09-02 17:05:37,081 [main] INFO c.n.m.NhnMartShell [NhnMartShell.java:13] - NHN Mart에 오신것을 환영합니다.
2023-09-02 17:05:40,510 [main] INFO c.n.m.NhnMartShell [NhnMartShell.java:13] - NHN Mart에 오신것을 환영합니다.
2023-09-02 17:05:50,809 [main] INFO c.n.m.NhnMartShell [Customer.java:48] - 총 가격은 14000 입니다
2023-09-02 17:05:50,811 [main] INFO c.n.m.NhnMartShell [Customer.java:53] - 고객님 결제 후 잔액: 6000
2023-09-02 17:10:16,979 [main] INFO c.n.m.NhnMartShell [NhnMartShell.java:14] - NHN Mart에 오신것을 환영합니다.
2023-09-02 17:14:32,396 [main] INFO c.n.m.NhnMartShell [NhnMartShell.java:14] - NHN Mart에 오신것을 환영합니다.
2023-09-02 17:14:37,447 [main] INFO c.n.m.NhnMartShell [Customer.java:48] - 총 가격은 14000 입니다
2023-09-02 17:14:37,449 [main] INFO c.n.m.NhnMartShell [Customer.java:53] - 고객님 결제 후 잔액: 6000
2023-09-02 17:14:41,806 [main] INFO c.n.m.NhnMartShell [NhnMartShell.java:14] - NHN Mart에 오신것을 환영합니다.
2023-09-02 17:17:24,718 [main] INFO c.n.m.NhnMartShell [NhnMartShell.java:14] - NHN Mart에 오신것을 환영합니다.
2023-09-02 17:17:34,779 [main] WARN c.n.m.NhnMartShell [NhnMartShell.java:49] - 찾는 식품이 없습니다!
2023-09-02 17:19:01,521 [main] INFO c.n.m.NhnMartShell [NhnMartShell.java:14] - NHN Mart에 오신것을 환영합니다.
2023-09-02 17:19:08,551 [main] WARN c.n.m.NhnMartShell [NhnMartShell.java:49] - 찾는 식품이 없습니다!
2023-09-02 17:41:27,131 [main] INFO c.n.m.NhnMartShell [NhnMartShell.java:14] - NHN Mart에 오신것을 환영합니다.
2023-09-02 17:43:53,154 [main] INFO c.n.m.NhnMartShell [NhnMartShell.java:14] - NHN Mart에 오신것을 환영합니다.
2023-09-02 17:44:01,153 [main] INFO c.n.m.NhnMartShell [Customer.java:55] - 총 가격은 13000 입니다
2023-09-02 17:44:01,156 [main] INFO c.n.m.NhnMartShell [Customer.java:60] - 고객님 결제 후 잔액: 7000
2023-09-02 17:53:32,745 [main] INFO c.n.m.NhnMartShell [NhnMartShell.java:14] - NHN Mart에 오신것을 환영합니다.
2023-09-02 17:53:37,534 [main] INFO c.n.m.NhnMartShell [Customer.java:57] - 총 가격은 6500 입니다
2023-09-02 17:53:37,536 [main] INFO c.n.m.NhnMartShell [Customer.java:62] - 고객님 결제 후 잔액: 13500
2023-09-02 17:53:45,580 [main] INFO c.n.m.NhnMartShell [NhnMartShell.java:14] - NHN Mart에 오신것을 환영합니다.
2023-09-02 17:53:54,402 [main] INFO c.n.m.NhnMartShell [Customer.java:57] - 총 가격은 8000 입니다
2023-09-02 17:53:54,404 [main] INFO c.n.m.NhnMartShell [Customer.java:62] - 고객님 결제 후 잔액: 12000
2023-09-02 18:05:55,592 [main] INFO c.n.m.NhnMartShell [NhnMartShell.java:14] - NHN Mart에 오신것을 환영합니다.
2023-09-02 18:06:02,638 [main] INFO c.n.m.NhnMartShell [Customer.java:57] - 총 가격은 11500 입니다
2023-09-02 18:06:02,640 [main] INFO c.n.m.NhnMartShell [Customer.java:62] - 고객님 결제 후 잔액: 8500
2023-09-02 18:08:04,208 [main] INFO c.n.m.NhnMartShell [NhnMartShell.java:14] - NHN Mart에 오신것을 환영합니다.
2023-09-02 18:08:10,048 [main] INFO c.n.m.NhnMartShell [Customer.java:55] - 총 가격은 1000 입니다
2023-09-02 18:08:10,050 [main] INFO c.n.m.NhnMartShell [Customer.java:60] - 고객님 결제 후 잔액: 19000
2023-09-02 18:08:30,685 [main] INFO c.n.m.NhnMartShell [NhnMartShell.java:14] - NHN Mart에 오신것을 환영합니다.
2023-09-02 18:08:35,886 [main] INFO c.n.m.NhnMartShell [Customer.java:55] - 총 가격은 1000 입니다
2023-09-02 18:08:35,888 [main] INFO c.n.m.NhnMartShell [Customer.java:60] - 고객님 결제 후 잔액: 19000
2023-09-02 18:09:25,934 [main] INFO c.n.m.NhnMartShell [NhnMartShell.java:14] - NHN Mart에 오신것을 환영합니다.
2023-09-02 18:09:33,190 [main] INFO c.n.m.NhnMartShell [Customer.java:55] - 총 가격은 6500 입니다
2023-09-02 18:09:33,192 [main] INFO c.n.m.NhnMartShell [Customer.java:60] - 고객님 결제 후 잔액: 13500
2023-09-02 18:12:51,257 [main] INFO c.n.m.NhnMartShell [NhnMartShell.java:14] - NHN Mart에 오신것을 환영합니다.
2023-09-02 18:12:58,049 [main] INFO c.n.m.NhnMartShell [Customer.java:45] - 선택한 품목양파부족
2023-09-02 18:13:46,846 [main] INFO c.n.m.NhnMartShell [NhnMartShell.java:14] - NHN Mart에 오신것을 환영합니다.
2023-09-02 18:14:07,941 [main] INFO c.n.m.NhnMartShell [NhnMartShell.java:14] - NHN Mart에 오신것을 환영합니다.
2023-09-02 18:14:16,243 [main] INFO c.n.m.NhnMartShell [Customer.java:47] - 선택한 품목양파부족
2023-09-02 18:14:39,353 [main] INFO c.n.m.NhnMartShell [NhnMartShell.java:14] - NHN Mart에 오신것을 환영합니다.
2023-09-02 18:14:53,926 [main] INFO c.n.m.NhnMartShell [Customer.java:47] - 선택한 품목양파부족
2023-09-02 18:15:09,405 [main] INFO c.n.m.NhnMartShell [NhnMartShell.java:14] - NHN Mart에 오신것을 환영합니다.
2023-09-02 18:15:13,741 [main] INFO c.n.m.NhnMartShell [Customer.java:47] - 선택한 품목계란부족
2023-09-02 18:15:34,341 [main] INFO c.n.m.NhnMartShell [NhnMartShell.java:14] - NHN Mart에 오신것을 환영합니다.
2023-09-02 18:15:44,898 [main] INFO c.n.m.NhnMartShell [Customer.java:47] - 선택한 품목파부족
2023-09-02 18:15:49,015 [main] INFO c.n.m.NhnMartShell [NhnMartShell.java:14] - NHN Mart에 오신것을 환영합니다.
2023-09-02 18:15:57,156 [main] INFO c.n.m.NhnMartShell [Customer.java:47] - 선택한 품목파부족
2023-09-02 18:16:01,866 [main] INFO c.n.m.NhnMartShell [NhnMartShell.java:14] - NHN Mart에 오신것을 환영합니다.
2023-09-02 18:16:07,305 [main] INFO c.n.m.NhnMartShell [Customer.java:57] - 총 가격은 2500 입니다
2023-09-02 18:16:07,307 [main] INFO c.n.m.NhnMartShell [Customer.java:62] - 고객님 결제 후 잔액: 17500
2023-09-02 18:16:11,347 [main] INFO c.n.m.NhnMartShell [NhnMartShell.java:14] - NHN Mart에 오신것을 환영합니다.
2023-09-02 18:16:17,758 [main] INFO c.n.m.NhnMartShell [Customer.java:47] - 선택한 품목파부족
2023-09-02 18:18:00,271 [main] INFO c.n.m.NhnMartShell [NhnMartShell.java:14] - NHN Mart에 오신것을 환영합니다.
2023-09-02 18:18:04,916 [main] INFO c.n.m.NhnMartShell [Customer.java:48] - 선택한 품목양파부족
2023-09-02 18:20:47,457 [main] INFO c.n.m.NhnMartShell [NhnMartShell.java:14] - NHN Mart에 오신것을 환영합니다.
2023-09-02 18:20:50,772 [main] INFO c.n.m.NhnMartShell [Customer.java:50] - 선택한 품목양파부족
2023-09-02 18:33:09,810 [main] INFO c.n.m.NhnMartShell [NhnMartShell.java:14] - NHN Mart에 오신것을 환영합니다.
2023-09-02 18:33:18,329 [main] INFO c.n.m.NhnMartShell [Customer.java:47] - 선택한 품목양파부족
2023-09-02 18:34:25,924 [main] INFO c.n.m.NhnMartShell [NhnMartShell.java:14] - NHN Mart에 오신것을 환영합니다.
2023-09-02 18:34:28,905 [main] INFO c.n.m.NhnMartShell [Customer.java:47] - 선택한 품목양파부족
2023-09-02 18:42:14,821 [main] INFO c.n.m.NhnMartShell [NhnMartShell.java:14] - NHN Mart에 오신것을 환영합니다.
2023-09-02 18:42:23,158 [main] INFO c.n.m.NhnMartShell [Customer.java:45] - 선택한 품목양파부족
2023-09-02 18:43:01,612 [main] INFO c.n.m.NhnMartShell [NhnMartShell.java:14] - NHN Mart에 오신것을 환영합니다.
2023-09-02 18:43:06,222 [main] INFO c.n.m.NhnMartShell [Customer.java:45] - 선택한 품목양파부족
2023-09-02 18:43:24,688 [main] INFO c.n.m.NhnMartShell [NhnMartShell.java:14] - NHN Mart에 오신것을 환영합니다.
2023-09-02 18:43:34,273 [main] INFO c.n.m.NhnMartShell [Customer.java:51] - 총 가격은 13000 입니다
2023-09-02 18:43:34,275 [main] INFO c.n.m.NhnMartShell [Customer.java:56] - 고객님 결제 후 잔액: 7000
2023-09-02 18:44:45,528 [main] INFO c.n.m.NhnMartShell [NhnMartShell.java:14] - NHN Mart에 오신것을 환영합니다.
2023-09-02 18:44:52,654 [main] INFO c.n.m.NhnMartShell [Customer.java:51] - 총 가격은 14000 입니다
2023-09-02 18:44:52,656 [main] INFO c.n.m.NhnMartShell [Customer.java:56] - 고객님 결제 후 잔액: 6000
2023-09-02 18:45:42,165 [main] INFO c.n.m.NhnMartShell [NhnMartShell.java:14] - NHN Mart에 오신것을 환영합니다.
2023-09-02 18:45:46,212 [main] INFO c.n.m.NhnMartShell [Customer.java:51] - 총 가격은 2000 입니다
2023-09-02 18:45:46,213 [main] INFO c.n.m.NhnMartShell [Customer.java:56] - 고객님 결제 후 잔액: 18000
2023-09-02 18:46:26,767 [main] INFO c.n.m.NhnMartShell [NhnMartShell.java:14] - NHN Mart에 오신것을 환영합니다.
2023-09-02 18:46:40,375 [main] INFO c.n.m.NhnMartShell [Customer.java:50] - 총 가격은 14000 입니다
2023-09-02 18:46:40,377 [main] INFO c.n.m.NhnMartShell [Customer.java:55] - 고객님 결제 후 잔액: 6000
2023-09-02 18:46:44,420 [main] INFO c.n.m.NhnMartShell [NhnMartShell.java:14] - NHN Mart에 오신것을 환영합니다.
2023-09-02 18:46:50,261 [main] INFO c.n.m.NhnMartShell [Customer.java:50] - 총 가격은 2000 입니다
2023-09-02 18:46:50,263 [main] INFO c.n.m.NhnMartShell [Customer.java:55] - 고객님 결제 후 잔액: 18000
2023-09-02 18:51:46,087 [main] INFO c.n.m.NhnMartShell [NhnMartShell.java:14] - NHN Mart에 오신것을 환영합니다.
2023-09-02 18:51:50,895 [main] INFO c.n.m.NhnMartShell [Customer.java:45] - 선택하신 품목(양파)의 재고가 부족합니다.
2023-09-02 18:52:00,758 [main] INFO c.n.m.NhnMartShell [NhnMartShell.java:14] - NHN Mart에 오신것을 환영합니다.
2023-09-02 18:52:03,097 [main] INFO c.n.m.NhnMartShell [Customer.java:45] - 선택하신 품목(양파)의 재고가 부족합니다.
2023-09-02 18:52:54,451 [main] INFO c.n.m.NhnMartShell [NhnMartShell.java:14] - NHN Mart에 오신것을 환영합니다.
2023-09-02 18:53:00,401 [main] INFO c.n.m.NhnMartShell [Customer.java:46] - 선택하신 품목(양파)의 재고가 부족합니다.
2023-09-02 18:53:07,680 [main] INFO c.n.m.NhnMartShell [NhnMartShell.java:14] - NHN Mart에 오신것을 환영합니다.
2023-09-02 18:53:16,764 [main] INFO c.n.m.NhnMartShell [Customer.java:56] - 총 가격은 10000 입니다
2023-09-02 18:53:16,765 [main] INFO c.n.m.NhnMartShell [Customer.java:61] - 고객님 결제 후 잔액: 10000
2023-09-02 18:53:23,315 [main] INFO c.n.m.NhnMartShell [NhnMartShell.java:14] - NHN Mart에 오신것을 환영합니다.
2023-09-02 18:53:26,995 [main] INFO c.n.m.NhnMartShell [Customer.java:46] - 선택하신 품목(계란)의 재고가 부족합니다.
2023-09-02 18:56:55,796 [main] INFO c.n.m.NhnMartShell [NhnMartShell.java:14] - NHN Mart에 오신것을 환영합니다.
2023-09-02 18:56:59,513 [main] INFO c.n.m.NhnMartShell [Customer.java:50] - 총 가격은 20000 입니다
2023-09-02 18:56:59,514 [main] INFO c.n.m.NhnMartShell [Customer.java:55] - 고객님 결제 후 잔액: 0
2023-09-02 18:57:08,777 [main] INFO c.n.m.NhnMartShell [NhnMartShell.java:14] - NHN Mart에 오신것을 환영합니다.
2023-09-02 18:57:11,340 [main] INFO c.n.m.NhnMartShell [Customer.java:50] - 총 가격은 25000 입니다
2023-09-02 18:57:11,340 [main] WARN c.n.m.NhnMartShell [Customer.java:52] - 고객님의 보유 금액이 부족합니다.
2023-09-02 18:57:25,614 [main] INFO c.n.m.NhnMartShell [NhnMartShell.java:14] - NHN Mart에 오신것을 환영합니다.
2023-09-02 18:57:30,495 [main] INFO c.n.m.NhnMartShell [Customer.java:50] - 총 가격은 2000 입니다
2023-09-02 18:57:30,498 [main] INFO c.n.m.NhnMartShell [Customer.java:55] - 고객님 결제 후 잔액: 18000
2023-09-02 19:00:02,808 [main] INFO c.n.m.NhnMartShell [NhnMartShell.java:14] - NHN Mart에 오신것을 환영합니다.
2023-09-02 19:00:07,457 [main] INFO c.n.m.NhnMartShell [Customer.java:50] - 총 가격은 1000 입니다
2023-09-02 19:00:07,459 [main] INFO c.n.m.NhnMartShell [Customer.java:55] - 고객님 결제 후 잔액: 19000
2023-09-02 19:00:39,694 [main] INFO c.n.m.NhnMartShell [NhnMartShell.java:14] - NHN Mart에 오신것을 환영합니다.
2023-09-02 19:00:42,559 [main] INFO c.n.m.NhnMartShell [Customer.java:50] - 총 가격은 2000 입니다
2023-09-02 19:00:42,560 [main] INFO c.n.m.NhnMartShell [Customer.java:55] - 고객님 결제 후 잔액: 18000
2023-09-02 19:00:54,882 [main] INFO c.n.m.NhnMartShell [NhnMartShell.java:14] - NHN Mart에 오신것을 환영합니다.
2023-09-02 19:00:58,701 [main] INFO c.n.m.NhnMartShell [Customer.java:50] - 총 가격은 2000 입니다
2023-09-02 19:00:58,704 [main] INFO c.n.m.NhnMartShell [Customer.java:55] - 고객님 결제 후 잔액: 18000
2023-09-02 19:14:04,947 [main] INFO c.n.m.NhnMartShell [NhnMartShell.java:14] - NHN Mart에 오신것을 환영합니다.
2023-09-02 19:14:18,227 [main] INFO c.n.m.NhnMartShell [Customer.java:52] - 총 가격은 1000 입니다
2023-09-02 19:14:18,229 [main] INFO c.n.m.NhnMartShell [Customer.java:57] - 고객님 결제 후 잔액: 19000
2023-09-02 19:14:22,212 [main] INFO c.n.m.NhnMartShell [NhnMartShell.java:14] - NHN Mart에 오신것을 환영합니다.
2023-09-02 19:14:25,562 [main] INFO c.n.m.NhnMartShell [Customer.java:52] - 총 가격은 1000 입니다
2023-09-02 19:14:25,564 [main] INFO c.n.m.NhnMartShell [Customer.java:57] - 고객님 결제 후 잔액: 19000
2023-09-02 19:14:38,833 [main] INFO c.n.m.NhnMartShell [NhnMartShell.java:14] - NHN Mart에 오신것을 환영합니다.
2023-09-02 19:14:43,318 [main] INFO c.n.m.NhnMartShell [Customer.java:52] - 총 가격은 1000 입니다
2023-09-02 19:14:43,321 [main] INFO c.n.m.NhnMartShell [Customer.java:57] - 고객님 결제 후 잔액: 19000
2023-09-02 19:15:45,320 [main] INFO c.n.m.NhnMartShell [NhnMartShell.java:14] - NHN Mart에 오신것을 환영합니다.
2023-09-02 19:15:47,414 [main] INFO c.n.m.NhnMartShell [Customer.java:50] - 총 가격은 1000 입니다
2023-09-02 19:15:47,416 [main] INFO c.n.m.NhnMartShell [Customer.java:55] - 고객님 결제 후 잔액: 19000
2023-09-02 19:16:19,282 [main] INFO c.n.m.NhnMartShell [NhnMartShell.java:14] - NHN Mart에 오신것을 환영합니다.
2023-09-02 19:16:23,045 [main] INFO c.n.m.NhnMartShell [Customer.java:50] - 총 가격은 2000 입니다
2023-09-02 19:16:23,046 [main] INFO c.n.m.NhnMartShell [Customer.java:55] - 고객님 결제 후 잔액: 18000
2023-09-02 19:19:33,077 [main] INFO c.n.m.NhnMartShell [NhnMartShell.java:14] - NHN Mart에 오신것을 환영합니다.
2023-09-02 19:19:36,996 [main] INFO c.n.m.NhnMartShell [Customer.java:50] - 총 가격은 1000 입니다
2023-09-02 19:19:36,998 [main] INFO c.n.m.NhnMartShell [Customer.java:55] - 고객님 결제 후 잔액: 19000
2023-09-02 19:21:10,466 [main] INFO c.n.m.NhnMartShell [NhnMartShell.java:14] - NHN Mart에 오신것을 환영합니다.
2023-09-02 19:21:17,911 [main] INFO c.n.m.NhnMartShell [Customer.java:50] - 총 가격은 15000 입니다
2023-09-02 19:21:17,913 [main] INFO c.n.m.NhnMartShell [Customer.java:55] - 고객님 결제 후 잔액: 5000
2023-09-02 19:23:34,247 [main] INFO c.n.m.NhnMartShell [NhnMartShell.java:14] - NHN Mart에 오신것을 환영합니다.
2023-09-02 19:23:39,883 [main] INFO c.n.m.NhnMartShell [Customer.java:49] - 총 가격은 2000 입니다
2023-09-02 19:23:39,885 [main] INFO c.n.m.NhnMartShell [Customer.java:54] - 고객님 결제 후 잔액: 18000
2023-09-02 19:23:44,052 [main] INFO c.n.m.NhnMartShell [NhnMartShell.java:14] - NHN Mart에 오신것을 환영합니다.
2023-09-02 19:23:46,369 [main] INFO c.n.m.NhnMartShell [Customer.java:49] - 총 가격은 2000 입니다
2023-09-02 19:23:46,371 [main] INFO c.n.m.NhnMartShell [Customer.java:54] - 고객님 결제 후 잔액: 18000
2023-09-02 19:25:08,525 [main] INFO c.n.m.NhnMartShell [NhnMartShell.java:14] - NHN Mart에 오신것을 환영합니다.
2023-09-02 19:25:18,972 [main] INFO c.n.m.NhnMartShell [Customer.java:51] - 총 가격은 2500 입니다
2023-09-02 19:25:18,974 [main] INFO c.n.m.NhnMartShell [Customer.java:56] - 고객님 결제 후 잔액: 17500
2023-09-02 19:27:41,288 [main] INFO c.n.m.NhnMartShell [NhnMartShell.java:14] - NHN Mart에 오신것을 환영합니다.
2023-09-02 19:27:45,800 [main] INFO c.n.m.NhnMartShell [Customer.java:49] - 총 가격은 2000 입니다
2023-09-02 19:27:45,802 [main] INFO c.n.m.NhnMartShell [Customer.java:54] - 고객님 결제 후 잔액: 18000
2023-09-02 19:27:49,724 [main] INFO c.n.m.NhnMartShell [NhnMartShell.java:14] - NHN Mart에 오신것을 환영합니다.
2023-09-02 19:27:56,913 [main] INFO c.n.m.NhnMartShell [Customer.java:49] - 총 가격은 32000 입니다
2023-09-02 19:27:56,914 [main] WARN c.n.m.NhnMartShell [Customer.java:51] - 고객님의 보유 금액이 부족합니다.
2023-09-02 19:29:14,360 [main] INFO c.n.m.NhnMartShell [NhnMartShell.java:14] - NHN Mart에 오신것을 환영합니다.
2023-09-02 19:29:18,039 [main] INFO c.n.m.NhnMartShell [Customer.java:50] - 총 가격은 2000 입니다
2023-09-02 19:29:18,041 [main] INFO c.n.m.NhnMartShell [Customer.java:55] - 고객님 결제 후 잔액: 18000
2023-09-02 19:30:03,648 [main] INFO c.n.m.NhnMartShell [NhnMartShell.java:14] - NHN Mart에 오신것을 환영합니다.
2023-09-02 19:30:05,849 [main] INFO c.n.m.NhnMartShell [Customer.java:50] - 총 가격은 2000 입니다
2023-09-02 19:30:05,851 [main] INFO c.n.m.NhnMartShell [Customer.java:55] - 고객님 결제 후 잔액: 18000
2023-09-02 19:35:18,769 [main] INFO c.n.m.NhnMartShell [NhnMartShell.java:14] - NHN Mart에 오신것을 환영합니다.
2023-09-02 19:35:24,513 [main] INFO c.n.m.NhnMartShell [Customer.java:50] - 총 가격은 2000 입니다
2023-09-02 19:35:24,515 [main] INFO c.n.m.NhnMartShell [Customer.java:55] - 고객님 결제 후 잔액: 18000
2023-09-02 19:35:54,532 [main] INFO c.n.m.NhnMartShell [NhnMartShell.java:14] - NHN Mart에 오신것을 환영합니다.
2023-09-02 19:35:56,718 [main] INFO c.n.m.NhnMartShell [Customer.java:51] - 총 가격은 2000 입니다
2023-09-02 19:35:56,720 [main] INFO c.n.m.NhnMartShell [Customer.java:56] - 고객님 결제 후 잔액: 18000
2023-09-02 19:37:05,669 [main] INFO c.n.m.NhnMartShell [NhnMartShell.java:14] - NHN Mart에 오신것을 환영합니다.
2023-09-02 19:37:07,986 [main] INFO c.n.m.NhnMartShell [Customer.java:51] - 총 가격은 2000 입니다
2023-09-02 19:37:07,987 [main] INFO c.n.m.NhnMartShell [Customer.java:56] - 고객님 결제 후 잔액: 18000
2023-09-02 19:38:15,289 [main] INFO c.n.m.NhnMartShell [NhnMartShell.java:14] - NHN Mart에 오신것을 환영합니다.
2023-09-02 19:38:17,449 [main] INFO c.n.m.NhnMartShell [Customer.java:51] - 총 가격은 2000 입니다
2023-09-02 19:38:17,450 [main] INFO c.n.m.NhnMartShell [Customer.java:56] - 고객님 결제 후 잔액: 18000
2023-09-02 19:39:01,355 [main] INFO c.n.m.NhnMartShell [NhnMartShell.java:14] - NHN Mart에 오신것을 환영합니다.
2023-09-02 19:39:05,145 [main] INFO c.n.m.NhnMartShell [Customer.java:51] - 총 가격은 2000 입니다
2023-09-02 19:39:05,146 [main] INFO c.n.m.NhnMartShell [Customer.java:56] - 고객님 결제 후 잔액: 18000
2023-09-02 19:46:43,889 [main] INFO c.n.m.NhnMartShell [NhnMartShell.java:14] - NHN Mart에 오신것을 환영합니다.
2023-09-02 19:48:24,836 [main] INFO c.n.m.NhnMartShell [NhnMartShell.java:14] - NHN Mart에 오신것을 환영합니다.
2023-09-02 19:48:35,503 [main] INFO c.n.m.NhnMartShell [Customer.java:49] - 총 가격은 14000 입니다
2023-09-02 19:48:35,504 [main] INFO c.n.m.NhnMartShell [Customer.java:54] - 고객님 결제 후 잔액: 6000
2023-09-02 19:54:00,829 [main] INFO c.n.m.NhnMartShell [NhnMartShell.java:14] - NHN Mart에 오신것을 환영합니다.
2023-09-02 19:54:04,221 [main] INFO c.n.m.NhnMartShell [Customer.java:49] - 총 가격은 1000 입니다
2023-09-02 19:54:04,223 [main] INFO c.n.m.NhnMartShell [Customer.java:54] - 고객님 결제 후 잔액: 19000
2023-09-02 19:56:16,461 [main] INFO c.n.m.NhnMartShell [NhnMartShell.java:14] - NHN Mart에 오신것을 환영합니다.
2023-09-02 19:57:45,356 [main] INFO c.n.m.NhnMartShell [NhnMartShell.java:14] - NHN Mart에 오신것을 환영합니다.
2023-09-02 19:58:53,901 [main] INFO c.n.m.NhnMartShell [NhnMartShell.java:14] - NHN Mart에 오신것을 환영합니다.
2023-09-02 20:01:37,125 [main] INFO c.n.m.NhnMartShell [NhnMartShell.java:14] - NHN Mart에 오신것을 환영합니다.
2023-09-02 20:01:44,867 [main] INFO c.n.m.NhnMartShell [Customer.java:60] - 총 가격은 2000 입니다
2023-09-02 20:01:44,867 [main] INFO c.n.m.NhnMartShell [Customer.java:65] - 고객님 결제 후 잔액: 18000
2023-09-02 20:02:50,269 [main] INFO c.n.m.NhnMartShell [NhnMartShell.java:14] - NHN Mart에 오신것을 환영합니다.
2023-09-02 20:04:54,697 [main] INFO c.n.m.NhnMartShell [NhnMartShell.java:14] - NHN Mart에 오신것을 환영합니다.
2023-09-02 20:06:51,523 [main] INFO c.n.m.NhnMartShell [NhnMartShell.java:14] - NHN Mart에 오신것을 환영합니다.
2023-09-02 20:10:07,045 [main] INFO c.n.m.NhnMartShell [NhnMartShell.java:14] - NHN Mart에 오신것을 환영합니다.
2023-09-02 20:13:56,504 [main] INFO c.n.m.NhnMartShell [NhnMartShell.java:14] - NHN Mart에 오신것을 환영합니다.
2023-09-02 20:14:04,175 [main] INFO c.n.m.NhnMartShell [Customer.java:60] - 총 가격은 14000 입니다
2023-09-02 20:14:04,176 [main] INFO c.n.m.NhnMartShell [Customer.java:65] - 고객님 결제 후 잔액: 6000
2023-09-02 20:14:22,232 [main] INFO c.n.m.NhnMartShell [NhnMartShell.java:14] - NHN Mart에 오신것을 환영합니다.
2023-09-02 20:14:28,808 [main] WARN c.n.m.NhnMartShell [NhnMartShell.java:49] - 찾는 식품이 없습니다!
2023-09-02 20:21:11,307 [main] INFO c.n.m.NhnMartShell [NhnMartShell.java:14] - NHN Mart에 오신것을 환영합니다.
2023-09-02 20:21:33,665 [main] INFO c.n.m.NhnMartShell [NhnMartShell.java:14] - NHN Mart에 오신것을 환영합니다.
2023-09-02 20:21:56,255 [main] INFO c.n.m.NhnMartShell [NhnMartShell.java:14] - NHN Mart에 오신것을 환영합니다.
2023-09-02 20:22:29,186 [main] INFO c.n.m.NhnMartShell [NhnMartShell.java:14] - NHN Mart에 오신것을 환영합니다.
2023-09-02 20:23:20,695 [main] INFO c.n.m.NhnMartShell [NhnMartShell.java:14] - NHN Mart에 오신것을 환영합니다.
2023-09-02 20:23:32,307 [main] INFO c.n.m.NhnMartShell [Customer.java:45] - 총 가격은 17000 입니다
2023-09-02 20:23:32,308 [main] INFO c.n.m.NhnMartShell [Customer.java:50] - 고객님 결제 후 잔액: 3000
2023-09-02 22:22:51,989 [main] INFO c.n.m.NhnMartShell [NhnMartShell.java:14] - NHN Mart에 오신것을 환영합니다.
2023-09-02 22:23:00,214 [main] INFO c.n.m.NhnMartShell [Customer.java:42] - 총 가격은 14000 입니다
2023-09-02 22:23:00,215 [main] INFO c.n.m.NhnMartShell [Customer.java:47] - 고객님 결제 후 잔액: 6000
2023-09-02 22:23:32,070 [main] INFO c.n.m.NhnMartShell [NhnMartShell.java:14] - NHN Mart에 오신것을 환영합니다.
2023-09-02 23:18:38,111 [main] INFO c.n.m.NhnMartShell [NhnMartShell.java:14] - NHN Mart에 오신것을 환영합니다.
